C51 COMPILER V9.01   FLASH                                                                 10/11/2014 14:44:39 PAGE 1   


C51 COMPILER V9.01, COMPILATION OF MODULE FLASH
OBJECT MODULE PLACED IN .\flash.obj
COMPILER INVOKED BY: d:\Keil\C51\BIN\C51.EXE ..\SourceFile\flash.c BROWSE DEBUG OBJECTEXTEND PRINT(.\flash.lst) OBJECT(.
                    -\flash.obj)

line level    source

   1          
   2          /***************************************************************************************
   3          ****************************************************************************************
   4          * FILE          : flash.c
   5          * Description   : 
   6          *                         
   7          * Copyright (c) 2003~2007 by WANG SHAOWEI. All Rights Reserved.
   8          * 
   9          * History:
  10          * Version               Name                    Date                    Description
  11             1.0          Wang Shaowei    2003/07/16      Initial Version (MCU System)
  12             2.0          Wang Shaowei    2005/06/01      MS2
  13             3.0          Wang Shaowei    2007/03/11      MS3
  14             
  15          ****************************************************************************************
  16          ****************************************************************************************/
  17          
  18          
  19          #include "common.h"
  20          
  21          
  22          /*==================================================================
  23          * Function      : FlashCodeCRC
  24          * Description   : 工控项目，尤其是对系统安全性要求非常严格
  25                                    的地方，需要做Flash中的Code进行校验
  26          * Input Para    : void
  27          * Output Para   : void
  28          * Return Value: void
  29          ==================================================================*/
  30          void FlashCodeCRC(void)
  31          {
  32   1              
  33   1      }
  34          
  35          
  36          /*==================================================================
  37          * Function      : FlashDataCRC
  38          * Description   : 工控项目，尤其是对系统安全性要求非常严格
  39                                    的地方，需要做Flash中的Data进行校验
  40          * Input Para    : void
  41          * Output Para   : void
  42          * Return Value: void
  43          ==================================================================*/
  44          void FlashDataCRC(void)
  45          {
  46   1              
  47   1      }
  48          
  49          
  50          /*==================================================================
  51          * Function      : flash_init
  52          * Description   : 
  53          * Input Para    : 
  54          * Output Para   : 
C51 COMPILER V9.01   FLASH                                                                 10/11/2014 14:44:39 PAGE 2   

  55          * Return Value: 
  56          ==================================================================*/
  57          void flash_init(void)
  58          {
  59   1              FlashCodeCRC();
  60   1              FlashDataCRC();
  61   1      }
  62          
  63          


MODULE INFORMATION:   STATIC OVERLAYABLE
   CODE SIZE        =      8    ----
   CONSTANT SIZE    =   ----    ----
   XDATA SIZE       =   ----    ----
   PDATA SIZE       =   ----    ----
   DATA SIZE        =   ----    ----
   IDATA SIZE       =   ----    ----
   BIT SIZE         =   ----    ----
END OF MODULE INFORMATION.


C51 COMPILATION COMPLETE.  0 WARNING(S),  0 ERROR(S)
