C51 COMPILER V9.01   MCU                                                                   10/11/2014 14:44:41 PAGE 1   


C51 COMPILER V9.01, COMPILATION OF MODULE MCU
OBJECT MODULE PLACED IN .\mcu.obj
COMPILER INVOKED BY: d:\Keil\C51\BIN\C51.EXE ..\SourceFile\mcu.c BROWSE DEBUG OBJECTEXTEND PRINT(.\mcu.lst) OBJECT(.\mcu
                    -.obj)

line level    source

   1          
   2          /***************************************************************************************
   3          ****************************************************************************************
   4          * FILE          : mcu.c
   5          * Description   : 
   6          *                         
   7          * Copyright (c) 2007 by WANG SHAOWEI. All Rights Reserved.
   8          * 
   9          * History:
  10          * Version               Name                    Date                    Description
  11             0.1          WANG SHAOWEI    2007/04/29      Initial Version
  12             
  13          ****************************************************************************************
  14          ****************************************************************************************/
  15          
  16          
  17          
  18          #include "common.h"
  19          
  20          
  21          
  22          /*==================================================================
  23          * Function      : port_init
  24          * Description   : Port init
  25          * Input Para    : void
  26          * Output Para   : void
  27          * Return Value: void
  28          ==================================================================*/
  29          void port_init(void)
  30          {
  31   1              P0 = 0xFF;
  32   1              P1 = 0xFF;
  33   1              P2 = 0xFF;
  34   1              P3 = 0xFF;
  35   1      }
  36          
  37          
  38          
  39          /*==================================================================
  40          * Function      : Interrupt_priority_init
  41          * Description   : 
  42          * Input Para    : 
  43          * Output Para   : 
  44          * Return Value: 
  45          ==================================================================*/
  46          void Interrupt_priority_init(void)
  47          {
  48   1      //UART
  49   1              PS = 1;
  50   1              SETBIT(IPH, 4);         
  51   1      
  52   1      //TIMER2
  53   1              PT2 = 0;
  54   1              SETBIT(IPH, 5);         
C51 COMPILER V9.01   MCU                                                                   10/11/2014 14:44:41 PAGE 2   

  55   1              
  56   1      //TIMER1
  57   1              PT1 = 0;
  58   1              RESETBIT(IPH, 3);       
  59   1      
  60   1      //INT1
  61   1              PX1 = 0;
  62   1              RESETBIT(IPH, 2);       
  63   1      
  64   1      //TIMER0
  65   1              PT0 = 0;
  66   1              RESETBIT(IPH, 1);       
  67   1              
  68   1      //INT0
  69   1              PX0 = 0;
  70   1              RESETBIT(IPH, 0);       
  71   1      }
  72          
  73          
  74          /*==================================================================
  75          * Function      : extern_interrupt0_init
  76          * Description   : 
  77          * Input Para    : 
  78          * Output Para   : 
  79          * Return Value: 
  80          ==================================================================*/
  81          void extern_interrupt0_init(U1 Enable, U1 EdgeEnable)
  82          {
  83   1              IE0 = 0;                                                /*中断标记位*/
  84   1              IT0 = EdgeEnable;
  85   1              EX0 = Enable;
  86   1      }
  87          
  88          
  89          /*==================================================================
  90          * Function      : extern_interrupt1_init
  91          * Description   : 
  92          * Input Para    : 
  93          * Output Para   : 
  94          * Return Value: 
  95          ==================================================================*/
  96          void extern_interrupt1_init(U1 Enable, U1 EdgeEnable)
  97          {
  98   1              IE1 = 0;                                                /*中断标记位*/
  99   1              IT1 = EdgeEnable;
 100   1              EX1 = Enable;
 101   1      }
 102          
 103          
 104          
 105          /*==================================================================
 106          * Function      : mode_init
 107          * Description   : 
 108          * Input Para    : 
 109          * Output Para   : 
 110          * Return Value: 
 111          ==================================================================*/
 112          void mode_init(void)
 113          {
 114   1      #ifdef SPEEDUP
 115   1              SETBIT(CKCON, 0);                                               
 116   1      #else
C51 COMPILER V9.01   MCU                                                                   10/11/2014 14:44:41 PAGE 3   

                      RESETBIT(CKCON, 0);
              #endif
 119   1      }
 120          
 121          
 122          /*==================================================================
 123          * Function      : timer0_init
 124          * Description   : Timer0 initialize
 125          * Input Para    : bStart                                Enable Timer0
 126                                    bInt0Relation         Relation with Int0
 127                                    bTimerMode                    0:timer mode, 1:counter mode
 128                                    bInterruptEnable              Interrupt enable
 129                                    WorkMode                      work mode setting,It has 0,1,2,3 four work mode,
 130                                                                          the counter value difference
 131                                                                          0: 13bit counter
 132                                                                          1: 16bit counter
 133                                                                          2: auto load 8bit counter
 134                                                                          3: two 8bit counter
 135                                    TH0Data                       High counter value
 136                                    TL0Data                               Low counter value
 137          * Output Para   : void
 138          * Return Value: void
 139          ==================================================================*/
 140          void timer0_init(U1 Enable,
 141                                          U8 WorkMode,
 142                                          U8 TH0Data,
 143                                          U8 TL0Data)
 144          {       
 145   1              TF0 = 0;                                        /*定时器中断标志位*/
 146   1      
 147   1              RESETBIT(TMOD, 3);              /*不受INT0控制*/
 148   1      
 149   1              SETBIT(TMOD, 2);                /*定时器计数器模式,TRUE为定时器,FALSE为计数器*/
 150   1      
 151   1              
 152   1      
 153   1              
 154   1              if(WorkMode & 0x02)             /*定时/计数器0工作方式设定*/
 155   1              {
 156   2                      SETBIT(TMOD, 1);                
 157   2              }
 158   1              else
 159   1              {
 160   2                      RESETBIT(TMOD, 1);
 161   2              }
 162   1              
 163   1              if(WorkMode & 0x01)
 164   1              {
 165   2                      SETBIT(TMOD, 0);
 166   2              }
 167   1              else
 168   1              {
 169   2                      RESETBIT(TMOD, 0);
 170   2              }
 171   1              TH0 = TH0Data;
 172   1              TL0 = TL0Data;
 173   1      
 174   1              ET0 = (U1)1;                            /*中断允许*/
 175   1              TR0 = Enable;
 176   1      
 177   1      }
 178          
C51 COMPILER V9.01   MCU                                                                   10/11/2014 14:44:41 PAGE 4   

 179          
 180          /*==================================================================
 181          * Function      : timer2_init
 182          * Description   : The timer2 as system timer,so it only initialize  for system time
 183          * Input Para    : bStart                                Enable Timer2
 184                                    TH2Data                       High counter value
 185          * Output Para   : void
 186          * Return Value: void
 187          ==================================================================*/
 188          void timer2_init(U1 Enable, TimerInterval eTimerInterval)
 189          {
 190   1              TH2 = eTimerInterval;
 191   1              RCAP2H = eTimerInterval;
 192   1      
 193   1              
 194   1              TL2 = 0x00;
 195   1              RCAP2L = 0x00;
 196   1              
 197   1              T2MOD = 0x00;
 198   1              if(Enable)
 199   1              {
 200   2                      T2CON = 0x04;
 201   2              }
 202   1              else
 203   1              {
 204   2                      T2CON = 0x00;
 205   2              }
 206   1      
 207   1              ET2 = 1;
 208   1      }
 209          
 210          
 211          /*==================================================================
 212          * Function      : uart_init
 213          * Description   : UART initialize,use timer1
 214          * Input Para    : UartBaudrate eBaudRate        : baud rate
 215          * Output Para   : void
 216          * Return Value: void
 217          ==================================================================*/
 218          void uart_init(UartBaudrate BaudRate)
 219          {
 220   1              ES = 0;                 /*关串行口中断*/        
 221   1      
 222   1      #ifdef SPEEDUP                  /*串口速度加倍*/
 223   1              RESETBIT(PCON, 7);
 224   1      #else
                      SETBIT(PCON, 7);
              #endif
 227   1      
 228   1              if(BaudRate == UART_RATE1152)
 229   1              {
 230   2                      BaudRate = UART_RATE576;
 231   2                      SETBIT(PCON, 7);
 232   2              }
 233   1      
 234   1              TMOD &= 0x0F;
 235   1              TMOD |= 0x20;
 236   1              ET1 = 0;                                /*中断无效*/
 237   1              TH1 = BaudRate;
 238   1              TL1 = BaudRate;
 239   1              TR1 = 1;                                /*定时器开启*/
 240   1              SCON = 0x50;
C51 COMPILER V9.01   MCU                                                                   10/11/2014 14:44:41 PAGE 5   

 241   1      
 242   1              RI = 0;
 243   1              
 244   1              ES = 1;                         /*串行口中断printf需要串口关闭*/
 245   1      }
 246          
 247          
 248          /*==================================================================
 249          * Function      : extern_interrupt0
 250          * Description   : 
 251          * Input Para    : 
 252          * Output Para   : 
 253          * Return Value: 
 254          ==================================================================*/
 255          void extern_interrupt0(void) interrupt 0
 256          {
 257   1      
 258   1      }
 259          
 260          
 261          /*==================================================================
 262          * Function      : extern_interrupt1
 263          * Description   : 
 264          * Input Para    : 
 265          * Output Para   : 
 266          * Return Value: 
 267          ==================================================================*/
 268          void extern_interrupt1(void) interrupt 2
 269          {
 270   1      
 271   1      }
 272          
 273          
 274          /*==================================================================
 275          * Function      : uart_put
 276          * Description   : send U8 as raw data through uart
 277          * Input Para    : U8 val        : the data to send
 278          * Output Para   : void
 279          * Return Value: void
 280          ==================================================================*/
 281          void uart_put(U8 u8)
 282          {
 283   1              U8 ES_MAP;
 284   1              
 285   1              ES_MAP = ES;    
 286   1              
 287   1              ES = 0;
 288   1              SBUF = u8;
 289   1              while(!TI);
 290   1              TI = 0;
 291   1              
 292   1      
 293   1              ES = ES_MAP;
 294   1      }
 295          
 296          
 297          /*==================================================================
 298          * Function      : UartInterruptService
 299          * Description   : The UART interrupt server
 300          * Input Para    : void
 301          * Output Para   : void
 302          * Return Value: void
C51 COMPILER V9.01   MCU                                                                   10/11/2014 14:44:41 PAGE 6   

 303          ==================================================================*/
 304          static void UartInterruptService(void) interrupt 4
 305          {
 306   1              ES = 0;
 307   1              RI = 0;
 308   1              uart_process(SBUF);
 309   1      
 310   1              ES=1;
 311   1      }
 312          
 313          
 314          #if 0
              /*==================================================================
              * Function      : Timer0InterruptService
              * Description   : 
              * Input Para    : 
              * Output Para   : 
              * Return Value: 
              ==================================================================*/
              void Timer0InterruptService(void) interrupt 1
              {
                      timer0_process();
              }
              #endif
 327          
 328          
 329          #if 0           /*缺省用于串口*/
              /*==================================================================
              * Function      : Timer1InterruptService
              * Description   : 
              * Input Para    : 
              * Output Para   : 
              * Return Value: 
              ==================================================================*/
              void Timer1InterruptService(void) interrupt 3
              {
              
              }
              #endif
 342          
 343          
 344          /*==================================================================
 345          * Function      : Timer2InterruptService
 346          * Description   : Timer2 interrupt as system timer,It is importance
 347          * Input Para    : void
 348          * Output Para   : void
 349          * Return Value: void
 350          ==================================================================*/
 351          void Timer2InterruptService(void) interrupt 5 
 352          {
 353   1              ET2 = 0;                                                        /*close interrupt*/
 354   1              TF2 = 0;                                                        /*clear interrupt flag*/
 355   1      
 356   1              system_process();
 357   1      
 358   1              ET2 = 1;
 359   1      }
 360          
 361          
 362          
 363          
 364          
C51 COMPILER V9.01   MCU                                                                   10/11/2014 14:44:41 PAGE 7   

 365          
 366          
 367          
 368          


MODULE INFORMATION:   STATIC OVERLAYABLE
   CODE SIZE        =    333    ----
   CONSTANT SIZE    =   ----    ----
   XDATA SIZE       =   ----    ----
   PDATA SIZE       =   ----    ----
   DATA SIZE        =   ----       4
   IDATA SIZE       =   ----    ----
   BIT SIZE         =   ----       6
END OF MODULE INFORMATION.


C51 COMPILATION COMPLETE.  0 WARNING(S),  0 ERROR(S)
