C51 COMPILER V9.01   ROUTINE                                                               10/11/2014 14:44:40 PAGE 1   


C51 COMPILER V9.01, COMPILATION OF MODULE ROUTINE
OBJECT MODULE PLACED IN .\routine.obj
COMPILER INVOKED BY: d:\Keil\C51\BIN\C51.EXE ..\SourceFile\routine.c BROWSE DEBUG OBJECTEXTEND PRINT(.\routine.lst) OBJE
                    -CT(.\routine.obj)

line level    source

   1          
   2          /***************************************************************************************
   3          ****************************************************************************************
   4          * FILE          : routine.c
   5          * Description   : 例行程序，利用系统节拍调用按键处理等
   6          *                         
   7          * Copyright (c) 2003~2007 by WANG SHAOWEI. All Rights Reserved.
   8          * 
   9          * History:
  10          * Version               Name                    Date                    Description
  11             1.0          Wang Shaowei    2003/07/16      Initial Version (MCU System)
  12             2.0          Wang Shaowei    2005/06/01      MS2
  13             3.0          Wang Shaowei    2007/03/11      MS3
  14             
  15          ****************************************************************************************
  16          ****************************************************************************************/
  17          
  18          
  19          #include "common.h"
  20          
  21          U8 KeyStore;
  22          
  23          
  24          
  25          /*==================================================================
  26          * Function      : routine_process
  27          * Description   : routine program
  28          * Input Para    : void
  29          * Output Para   : void
  30          * Return Value: void
  31          ==================================================================*/
  32          void routine_process(void)
  33          {
  34   1              static U8 RoutineCounter = 0;
  35   1      
  36   1              static U8 RTCCounter = 0;
  37   1              
  38   1              if(++RoutineCounter == 5)       /*系统时钟分为5拍*/
  39   1              {
  40   2                      RoutineCounter = 0;
  41   2              }
  42   1              switch(RoutineCounter)
  43   1              {
  44   2                      case 0:
  45   2                              key_check();                    /*按键扫描*/
  46   2                              led_control(KeyStore);  /*LED灯显示*/
  47   2                              if(++RTCCounter == 40)
  48   2                              {
  49   3                                      RTCCounter = 0;
  50   3                                      rtc_soft_routine();             /*软件时钟例行程序*/
  51   3                              }
  52   2                              break;
  53   2                      case 1:                                         /*四个数码管显示*/
  54   2                              LedDisplay_control(FALSE, 1, uty_hex2bcd(tTCMember.second) & 0x0F);
C51 COMPILER V9.01   ROUTINE                                                               10/11/2014 14:44:40 PAGE 2   

  55   2                              break;
  56   2                      case 2:                 
  57   2                              LedDisplay_control(FALSE, 2,  uty_hex2bcd(tTCMember.second) >> 4);
  58   2                              break;
  59   2                      case 3:
  60   2                              LedDisplay_control(TRUE, 3, uty_hex2bcd(tTCMember.minute) & 0x0F);
  61   2                              break;
  62   2                      case 4:
  63   2                              LedDisplay_control(FALSE, 4, uty_hex2bcd(tTCMember.minute) >> 4);
  64   2                              break;
  65   2              }
  66   1      }
  67          


MODULE INFORMATION:   STATIC OVERLAYABLE
   CODE SIZE        =    121    ----
   CONSTANT SIZE    =   ----    ----
   XDATA SIZE       =   ----    ----
   PDATA SIZE       =   ----    ----
   DATA SIZE        =      3    ----
   IDATA SIZE       =   ----    ----
   BIT SIZE         =   ----    ----
END OF MODULE INFORMATION.


C51 COMPILATION COMPLETE.  0 WARNING(S),  0 ERROR(S)
